<?xml version="1.0" encoding="UTF-8"?>
<testsuite name="com.tpjad.project.photoalbumapi.service.impl.AlbumServiceImplTest" tests="8" skipped="0" failures="0" errors="0" timestamp="2021-11-10T11:15:06" hostname="302c626e75ed" time="0.06">
  <properties/>
  <testcase name="whenCreateAlbumAndUserDoesNotExists_thenExceptionIsThrown()" classname="com.tpjad.project.photoalbumapi.service.impl.AlbumServiceImplTest" time="0.004"/>
  <testcase name="whenUpdateAlbumAndAlbumDoesNotExists_thenExceptionIsThrown()" classname="com.tpjad.project.photoalbumapi.service.impl.AlbumServiceImplTest" time="0.003"/>
  <testcase name="whenCreateAlbumAndUserExists_thenReturnNothing()" classname="com.tpjad.project.photoalbumapi.service.impl.AlbumServiceImplTest" time="0.023"/>
  <testcase name="whenUpdateAlbumAndAlbumExists_thenReturnNothing()" classname="com.tpjad.project.photoalbumapi.service.impl.AlbumServiceImplTest" time="0.005"/>
  <testcase name="whenDeleteAlbumAndAlbumExists_thenReturnNothing()" classname="com.tpjad.project.photoalbumapi.service.impl.AlbumServiceImplTest" time="0.007"/>
  <testcase name="whenFindAllForUserAndUserDoesNotExists_thenExceptionIsThrown()" classname="com.tpjad.project.photoalbumapi.service.impl.AlbumServiceImplTest" time="0.003"/>
  <testcase name="whenFindAllForUserAndUserExists_thenReturnAlbums()" classname="com.tpjad.project.photoalbumapi.service.impl.AlbumServiceImplTest" time="0.006"/>
  <testcase name="whenDeleteAlbumAndAlbumDoesNotExists_thenExceptionIsThrown()" classname="com.tpjad.project.photoalbumapi.service.impl.AlbumServiceImplTest" time="0.003"/>
  <system-out><![CDATA[]]></system-out>
  <system-err><![CDATA[]]></system-err>
</testsuite>
