<?xml version="1.0" encoding="UTF-8"?>
<testsuite name="com.tpjad.project.photoalbumapi.service.impl.UserServiceImplTest" tests="2" skipped="0" failures="0" errors="0" timestamp="2021-11-10T11:15:06" hostname="302c626e75ed" time="0.018">
  <properties/>
  <testcase name="whenLoadByUsernameAndUserDoesNotExists_thenReturnNull()" classname="com.tpjad.project.photoalbumapi.service.impl.UserServiceImplTest" time="0.014"/>
  <testcase name="whenLoadByUsernameAndUserExists_thenReturnUserDetails()" classname="com.tpjad.project.photoalbumapi.service.impl.UserServiceImplTest" time="0.004"/>
  <system-out><![CDATA[]]></system-out>
  <system-err><![CDATA[]]></system-err>
</testsuite>
