<?xml version="1.0" encoding="UTF-8"?>
<testsuite name="com.tpjad.project.photoalbumapi.service.impl.AdminServiceImplTest" tests="6" skipped="0" failures="0" errors="0" timestamp="2021-11-10T14:47:44" hostname="302c626e75ed" time="8.084">
  <properties/>
  <testcase name="whenCreateUserAndRolesExistsAndUserDoesNotExists_thenReturnNothing()" classname="com.tpjad.project.photoalbumapi.service.impl.AdminServiceImplTest" time="8.001"/>
  <testcase name="whenDeleteAccountAndUserDoesNotExists_thenExceptionIsThrown()" classname="com.tpjad.project.photoalbumapi.service.impl.AdminServiceImplTest" time="0.027"/>
  <testcase name="whenCreateAdminAndRolesExistsAndUserDoesNotExists_thenReturnNothing()" classname="com.tpjad.project.photoalbumapi.service.impl.AdminServiceImplTest" time="0.009"/>
  <testcase name="whenCreateAdminAndRolesNotFound_thenExceptionIsThrown()" classname="com.tpjad.project.photoalbumapi.service.impl.AdminServiceImplTest" time="0.006"/>
  <testcase name="whenCreateAdminAndRolesExistsAndUserAlreadyExists_thenExceptionIsThrown()" classname="com.tpjad.project.photoalbumapi.service.impl.AdminServiceImplTest" time="0.006"/>
  <testcase name="whenDeleteAccountAndUserExists_thenAllDependentEntitiesWillBeRemoved()" classname="com.tpjad.project.photoalbumapi.service.impl.AdminServiceImplTest" time="0.03"/>
  <system-out><![CDATA[]]></system-out>
  <system-err><![CDATA[]]></system-err>
</testsuite>
